<?xml version="1.0" encoding="UTF-8"?>
<!-- Generated by org.testng.reporters.JUnitXMLReporter -->
<testsuite ignored="2" hostname="DESKTOP-95P0PH0" failures="1" tests="21" name="Test" time="4.734" errors="0" timestamp="2025-02-21T01:34:07 EST">
  <testcase classname="Assessment.API.e2e.TokenTest" name="testTokenCreation" time="0.561"/>
  <testcase classname="Assessment.API.e2e.BookingPositiveTests" name="testCreateBooking" time="0.373"/>
  <testcase classname="Assessment.API.e2e.BookingNegativeTests" name="testCreateBookingWithMissingFields" time="0.138"/>
  <testcase classname="Assessment.API.e2e.BookingNegativeTests" name="testCreateBookingWithInvalidData" time="0.146"/>
  <testcase classname="Assessment.API.e2e.BookingPositiveTests" name="testGetBooking" time="0.142"/>
  <testcase classname="Assessment.API.e2e.BookingPositiveTests" name="testGetAllBookings" time="0.185"/>
  <testcase classname="Assessment.API.e2e.BookingNegativeTests" name="testGetBookingWithInvalidId" time="0.14"/>
  <testcase classname="Assessment.API.e2e.BookingNegativeTests" name="testGetBookingIdsWithInvalidDateFilter" time="0.158"/>
  <testcase classname="Assessment.API.e2e.BookingPositiveTests" name="testGetBookingsWithNameFilters" time="0.149"/>
  <testcase classname="Assessment.API.e2e.BookingPositiveTests" name="testGetBookingsWithDateFilters" time="0.145">
    <skipped/>
  </testcase> <!-- testGetBookingsWithDateFilters -->
  <testcase classname="Assessment.API.e2e.BookingPositiveTests" name="testGetBookingsWithDateFilters" time="0.166">
    <skipped/>
  </testcase> <!-- testGetBookingsWithDateFilters -->
  <testcase classname="Assessment.API.e2e.BookingPositiveTests" name="testGetBookingsWithDateFilters" time="0.144">
    <skipped/>
  </testcase> <!-- testGetBookingsWithDateFilters -->
  <testcase classname="Assessment.API.e2e.BookingPositiveTests" name="testGetBookingsWithDateFilters" time="0.146">
    <failure type="java.lang.AssertionError" message="The following asserts failed:
	No bookings found with the specified date filters! expected [true] but found [false],
	Previously added booking ID not found in the response! expected [true] but found [false]">
      <![CDATA[java.lang.AssertionError: The following asserts failed:
No bookings found with the specified date filters! expected [true] but found [false],
Previously added booking ID not found in the response! expected [true] but found [false]
at Assessment.API.e2e.BookingPositiveTests.testGetBookingsWithDateFilters(BookingPositiveTests.java:149)
at java.base/java.util.ArrayList.forEach(ArrayList.java:1597)
... Removed 31 stack frames]]>
    </failure>
  </testcase> <!-- testGetBookingsWithDateFilters -->
  <testcase classname="Assessment.API.e2e.BookingNegativeTests" name="testUpdateNonExistentBooking" time="0.278"/>
  <testcase classname="Assessment.API.e2e.BookingPositiveTests" name="testUpdateBooking" time="0.289"/>
  <testcase classname="Assessment.API.e2e.BookingNegativeTests" name="testUpdateBookingWithInvalidData" time="0.299"/>
  <testcase classname="Assessment.API.e2e.BookingPositiveTests" name="testPartailUpdateBooking" time="0.294"/>
  <testcase classname="Assessment.API.e2e.BookingNegativeTests" name="testPartialUpdateNonExistentBooking" time="0.137"/>
  <testcase classname="Assessment.API.e2e.BookingPositiveTests" name="testDeleteBooking" time="0.273"/>
  <testcase classname="Assessment.API.e2e.BookingNegativeTests" name="testPartialUpdateWithInvalidData" time="0.295"/>
  <testcase classname="Assessment.API.e2e.BookingNegativeTests" name="testDeleteNonExistentBooking" time="0.133"/>
  <testcase classname="Assessment.API.base.TestBase" name="@BeforeSuite checkHealth" time="0.0">
    <ignored/>
  </testcase> <!-- @BeforeSuite checkHealth -->
  <testcase classname="Assessment.API.base.TestBase" name="@BeforeSuite checkHealth" time="0.0">
    <ignored/>
  </testcase> <!-- @BeforeSuite checkHealth -->
</testsuite> <!-- Test -->
