<?xml version="1.0" encoding="UTF-8"?>
<!-- Generated by org.testng.reporters.JUnitXMLReporter -->
<testsuite ignored="0" hostname="DESKTOP-95P0PH0" failures="0" tests="4" name="Test" time="18.103" errors="0" timestamp="2025-02-21T01:32:31 EST">
  <testcase classname="Assessment.UI.tests.NavigationTest" name="testNavigation" time="3.974"/>
  <testcase classname="Assessment.UI.tests.EquitiesTest" name="testEquitiesTabHasDataInTable" time="0.034"/>
  <testcase classname="Assessment.UI.tests.EquitiesTest" name="testSearchNonExistingEquity" time="0.711"/>
  <testcase classname="Assessment.UI.tests.EquitiesTest" name="testEquitySearchAndDetails" time="1.819"/>
</testsuite> <!-- Test -->
