<?xml version="1.0" encoding="UTF-8"?>
<testng-results ignored="0" total="4" passed="4" failed="0" skipped="0">
  <reporter-output>
  </reporter-output>
  <suite started-at="2025-02-21T01:33:04 EST" name="Suite" finished-at="2025-02-21T01:33:24 EST" duration-ms="19753">
    <groups>
    </groups>
    <test started-at="2025-02-21T01:33:04 EST" name="Test" finished-at="2025-02-21T01:33:24 EST" duration-ms="19753">
      <class name="Assessment.UI.tests.EquitiesTest">
        <test-method is-config="true" signature="setUp()[pri:0, instance:Assessment.UI.tests.EquitiesTest@1c1bbc4e]" started-at="2025-02-21T01:33:12 EST" name="setUp" finished-at="2025-02-21T01:33:14 EST" duration-ms="2591" status="PASS">
          <reporter-output>
          </reporter-output>
        </test-method> <!-- setUp -->
        <test-method signature="testEquitiesTabHasDataInTable()[pri:1, instance:Assessment.UI.tests.EquitiesTest@1c1bbc4e]" started-at="2025-02-21T01:33:14 EST" name="testEquitiesTabHasDataInTable" finished-at="2025-02-21T01:33:14 EST" duration-ms="37" status="PASS">
          <reporter-output>
          </reporter-output>
        </test-method> <!-- testEquitiesTabHasDataInTable -->
        <test-method is-config="true" signature="tearDown()[pri:0, instance:Assessment.UI.tests.EquitiesTest@1c1bbc4e]" started-at="2025-02-21T01:33:14 EST" name="tearDown" finished-at="2025-02-21T01:33:15 EST" duration-ms="177" status="PASS">
          <reporter-output>
          </reporter-output>
        </test-method> <!-- tearDown -->
        <test-method is-config="true" signature="setUp()[pri:0, instance:Assessment.UI.tests.EquitiesTest@1c1bbc4e]" started-at="2025-02-21T01:33:15 EST" name="setUp" finished-at="2025-02-21T01:33:18 EST" duration-ms="2884" status="PASS">
          <reporter-output>
          </reporter-output>
        </test-method> <!-- setUp -->
        <test-method signature="testSearchNonExistingEquity()[pri:2, instance:Assessment.UI.tests.EquitiesTest@1c1bbc4e]" started-at="2025-02-21T01:33:18 EST" name="testSearchNonExistingEquity" finished-at="2025-02-21T01:33:18 EST" duration-ms="664" status="PASS">
          <reporter-output>
          </reporter-output>
        </test-method> <!-- testSearchNonExistingEquity -->
        <test-method is-config="true" signature="tearDown()[pri:0, instance:Assessment.UI.tests.EquitiesTest@1c1bbc4e]" started-at="2025-02-21T01:33:18 EST" name="tearDown" finished-at="2025-02-21T01:33:18 EST" duration-ms="196" status="PASS">
          <reporter-output>
          </reporter-output>
        </test-method> <!-- tearDown -->
        <test-method is-config="true" signature="setUp()[pri:0, instance:Assessment.UI.tests.EquitiesTest@1c1bbc4e]" started-at="2025-02-21T01:33:18 EST" name="setUp" finished-at="2025-02-21T01:33:21 EST" duration-ms="2973" status="PASS">
          <reporter-output>
          </reporter-output>
        </test-method> <!-- setUp -->
        <test-method signature="testEquitySearchAndDetails()[pri:3, instance:Assessment.UI.tests.EquitiesTest@1c1bbc4e]" started-at="2025-02-21T01:33:21 EST" name="testEquitySearchAndDetails" finished-at="2025-02-21T01:33:24 EST" duration-ms="2660" status="PASS">
          <reporter-output>
          </reporter-output>
        </test-method> <!-- testEquitySearchAndDetails -->
        <test-method is-config="true" signature="tearDown()[pri:0, instance:Assessment.UI.tests.EquitiesTest@1c1bbc4e]" started-at="2025-02-21T01:33:24 EST" name="tearDown" finished-at="2025-02-21T01:33:24 EST" duration-ms="236" status="PASS">
          <reporter-output>
          </reporter-output>
        </test-method> <!-- tearDown -->
      </class> <!-- Assessment.UI.tests.EquitiesTest -->
      <class name="Assessment.UI.tests.NavigationTest">
        <test-method is-config="true" signature="setUp()[pri:0, instance:Assessment.UI.tests.NavigationTest@40a4337a]" started-at="2025-02-21T01:33:05 EST" name="setUp" finished-at="2025-02-21T01:33:08 EST" duration-ms="3061" status="PASS">
          <reporter-output>
          </reporter-output>
        </test-method> <!-- setUp -->
        <test-method signature="testNavigation()[pri:0, instance:Assessment.UI.tests.NavigationTest@40a4337a]" started-at="2025-02-21T01:33:08 EST" name="testNavigation" finished-at="2025-02-21T01:33:12 EST" duration-ms="3899" status="PASS">
          <reporter-output>
          </reporter-output>
        </test-method> <!-- testNavigation -->
        <test-method is-config="true" signature="tearDown()[pri:0, instance:Assessment.UI.tests.NavigationTest@40a4337a]" started-at="2025-02-21T01:33:12 EST" name="tearDown" finished-at="2025-02-21T01:33:12 EST" duration-ms="192" status="PASS">
          <reporter-output>
          </reporter-output>
        </test-method> <!-- tearDown -->
      </class> <!-- Assessment.UI.tests.NavigationTest -->
    </test> <!-- Test -->
  </suite> <!-- Suite -->
</testng-results>
