<?xml version="1.0" encoding="UTF-8"?>
<!-- Generated by org.testng.reporters.JUnitXMLReporter -->
<testsuite ignored="0" hostname="DESKTOP-95P0PH0" failures="0" tests="4" name="Test" time="19.753" errors="0" timestamp="2025-02-21T01:33:25 EST">
  <testcase classname="Assessment.UI.tests.NavigationTest" name="testNavigation" time="3.899"/>
  <testcase classname="Assessment.UI.tests.EquitiesTest" name="testEquitiesTabHasDataInTable" time="0.037"/>
  <testcase classname="Assessment.UI.tests.EquitiesTest" name="testSearchNonExistingEquity" time="0.664"/>
  <testcase classname="Assessment.UI.tests.EquitiesTest" name="testEquitySearchAndDetails" time="2.66"/>
</testsuite> <!-- Test -->
