<?xml version="1.0" encoding="UTF-8"?>
<testsuite xmlns:xsi="http://www.w3.org/2001/XMLSchema-instance" xsi:noNamespaceSchemaLocation="https://maven.apache.org/surefire/maven-surefire-plugin/xsd/surefire-test-report.xsd" version="3.0.2" name="TestSuite" time="6.905" tests="21" errors="0" skipped="3" failures="1">
  <properties>
[...]
</properties>
  <testcase name="testTokenCreation" classname="Assessment.API.e2e.TokenTest" time="0.567">
    <system-err><![CDATA[SLF4J(W): No SLF4J providers were found.
SLF4J(W): Defaulting to no-operation (NOP) logger implementation
SLF4J(W): See https://www.slf4j.org/codes.html#noProviders for further details.
]]></system-err>
  </testcase>
  <testcase name="testCreateBooking" classname="Assessment.API.e2e.BookingPositiveTests" time="0.365"/>
  <testcase name="testGetBooking" classname="Assessment.API.e2e.BookingPositiveTests" time="0.143"/>
  <testcase name="testGetAllBookings" classname="Assessment.API.e2e.BookingPositiveTests" time="0.184"/>
  <testcase name="testGetBookingsWithNameFilters" classname="Assessment.API.e2e.BookingPositiveTests" time="0.148"/>
  <testcase name="testGetBookingsWithDateFilters" classname="Assessment.API.e2e.BookingPositiveTests" time="0.0">
    <skipped message="The following asserts failed:&#10;	No bookings found with the specified date filters! expected [true] but found [false],&#10;	Previously added booking ID not found in the response! expected [true] but found [false]"/>
  </testcase>
  <testcase name="testGetBookingsWithDateFilters" classname="Assessment.API.e2e.BookingPositiveTests" time="0.0">
    <skipped message="The following asserts failed:&#10;	No bookings found with the specified date filters! expected [true] but found [false],&#10;	Previously added booking ID not found in the response! expected [true] but found [false]"/>
  </testcase>
  <testcase name="testGetBookingsWithDateFilters" classname="Assessment.API.e2e.BookingPositiveTests" time="0.0">
    <skipped message="The following asserts failed:&#10;	No bookings found with the specified date filters! expected [true] but found [false],&#10;	Previously added booking ID not found in the response! expected [true] but found [false]"/>
  </testcase>
  <testcase name="testGetBookingsWithDateFilters" classname="Assessment.API.e2e.BookingPositiveTests" time="0.151">
    <failure message="The following asserts failed:&#10;	No bookings found with the specified date filters! expected [true] but found [false],&#10;	Previously added booking ID not found in the response! expected [true] but found [false]" type="java.lang.AssertionError"><![CDATA[java.lang.AssertionError: 
The following asserts failed:
	No bookings found with the specified date filters! expected [true] but found [false],
	Previously added booking ID not found in the response! expected [true] but found [false]
	at org.testng.asserts.SoftAssert.assertAll(SoftAssert.java:46)
	at org.testng.asserts.SoftAssert.assertAll(SoftAssert.java:30)
	at Assessment.API.e2e.BookingPositiveTests.testGetBookingsWithDateFilters(BookingPositiveTests.java:149)
	at java.base/jdk.internal.reflect.DirectMethodHandleAccessor.invoke(DirectMethodHandleAccessor.java:103)
	at java.base/java.lang.reflect.Method.invoke(Method.java:580)
	at org.testng.internal.invokers.MethodInvocationHelper.invokeMethod(MethodInvocationHelper.java:141)
	at org.testng.internal.invokers.TestInvoker.invokeMethod(TestInvoker.java:687)
	at org.testng.internal.invokers.TestInvoker.retryFailed(TestInvoker.java:269)
	at org.testng.internal.invokers.MethodRunner.runInSequence(MethodRunner.java:76)
	at org.testng.internal.invokers.TestInvoker$MethodInvocationAgent.invoke(TestInvoker.java:995)
	at org.testng.internal.invokers.TestInvoker.invokeTestMethods(TestInvoker.java:203)
	at org.testng.internal.invokers.TestMethodWorker.invokeTestMethods(TestMethodWorker.java:154)
	at org.testng.internal.invokers.TestMethodWorker.run(TestMethodWorker.java:134)
	at java.base/java.util.ArrayList.forEach(ArrayList.java:1597)
	at org.testng.TestRunner.privateRun(TestRunner.java:741)
	at org.testng.TestRunner.run(TestRunner.java:616)
	at org.testng.SuiteRunner.runTest(SuiteRunner.java:421)
	at org.testng.SuiteRunner.runSequentially(SuiteRunner.java:413)
	at org.testng.SuiteRunner.privateRun(SuiteRunner.java:373)
	at org.testng.SuiteRunner.run(SuiteRunner.java:312)
	at org.testng.SuiteRunnerWorker.runSuite(SuiteRunnerWorker.java:52)
	at org.testng.SuiteRunnerWorker.run(SuiteRunnerWorker.java:95)
	at org.testng.TestNG.runSuitesSequentially(TestNG.java:1274)
	at org.testng.TestNG.runSuitesLocally(TestNG.java:1208)
	at org.testng.TestNG.runSuites(TestNG.java:1112)
	at org.testng.TestNG.run(TestNG.java:1079)
	at org.apache.maven.surefire.testng.TestNGExecutor.run(TestNGExecutor.java:308)
	at org.apache.maven.surefire.testng.TestNGXmlTestSuite.execute(TestNGXmlTestSuite.java:71)
	at org.apache.maven.surefire.testng.TestNGProvider.invoke(TestNGProvider.java:113)
	at org.apache.maven.surefire.booter.ForkedBooter.runSuitesInProcess(ForkedBooter.java:385)
	at org.apache.maven.surefire.booter.ForkedBooter.execute(ForkedBooter.java:162)
	at org.apache.maven.surefire.booter.ForkedBooter.run(ForkedBooter.java:507)
	at org.apache.maven.surefire.booter.ForkedBooter.main(ForkedBooter.java:495)
]]></failure>
  </testcase>
  <testcase name="testUpdateBooking" classname="Assessment.API.e2e.BookingPositiveTests" time="0.289"/>
  <testcase name="testPartailUpdateBooking" classname="Assessment.API.e2e.BookingPositiveTests" time="0.295"/>
  <testcase name="testDeleteBooking" classname="Assessment.API.e2e.BookingPositiveTests" time="0.274"/>
  <testcase name="testCreateBookingWithMissingFields" classname="Assessment.API.e2e.BookingNegativeTests" time="0.139"/>
  <testcase name="testCreateBookingWithInvalidData" classname="Assessment.API.e2e.BookingNegativeTests" time="0.146"/>
  <testcase name="testGetBookingWithInvalidId" classname="Assessment.API.e2e.BookingNegativeTests" time="0.141"/>
  <testcase name="testGetBookingIdsWithInvalidDateFilter" classname="Assessment.API.e2e.BookingNegativeTests" time="0.158"/>
  <testcase name="testUpdateNonExistentBooking" classname="Assessment.API.e2e.BookingNegativeTests" time="0.278"/>
  <testcase name="testUpdateBookingWithInvalidData" classname="Assessment.API.e2e.BookingNegativeTests" time="0.299"/>
  <testcase name="testPartialUpdateNonExistentBooking" classname="Assessment.API.e2e.BookingNegativeTests" time="0.137"/>
  <testcase name="testPartialUpdateWithInvalidData" classname="Assessment.API.e2e.BookingNegativeTests" time="0.296"/>
  <testcase name="testDeleteNonExistentBooking" classname="Assessment.API.e2e.BookingNegativeTests" time="0.133"/>
</testsuite>