<?xml version="1.0" encoding="UTF-8"?>
<testng-results ignored="0" total="4" passed="4" failed="0" skipped="0">
  <reporter-output>
  </reporter-output>
  <suite started-at="2025-02-21T01:32:13 EST" name="Suite" finished-at="2025-02-21T01:32:31 EST" duration-ms="18103">
    <groups>
    </groups>
    <test started-at="2025-02-21T01:32:13 EST" name="Test" finished-at="2025-02-21T01:32:31 EST" duration-ms="18103">
      <class name="Assessment.UI.tests.EquitiesTest">
        <test-method is-config="true" signature="setUp()[pri:0, instance:Assessment.UI.tests.EquitiesTest@36fc695d]" started-at="2025-02-21T01:32:20 EST" name="setUp" finished-at="2025-02-21T01:32:22 EST" duration-ms="2515" status="PASS">
          <reporter-output>
          </reporter-output>
        </test-method> <!-- setUp -->
        <test-method signature="testEquitiesTabHasDataInTable()[pri:1, instance:Assessment.UI.tests.EquitiesTest@36fc695d]" started-at="2025-02-21T01:32:22 EST" name="testEquitiesTabHasDataInTable" finished-at="2025-02-21T01:32:22 EST" duration-ms="34" status="PASS">
          <reporter-output>
          </reporter-output>
        </test-method> <!-- testEquitiesTabHasDataInTable -->
        <test-method is-config="true" signature="tearDown()[pri:0, instance:Assessment.UI.tests.EquitiesTest@36fc695d]" started-at="2025-02-21T01:32:22 EST" name="tearDown" finished-at="2025-02-21T01:32:23 EST" duration-ms="134" status="PASS">
          <reporter-output>
          </reporter-output>
        </test-method> <!-- tearDown -->
        <test-method is-config="true" signature="setUp()[pri:0, instance:Assessment.UI.tests.EquitiesTest@36fc695d]" started-at="2025-02-21T01:32:23 EST" name="setUp" finished-at="2025-02-21T01:32:25 EST" duration-ms="2679" status="PASS">
          <reporter-output>
          </reporter-output>
        </test-method> <!-- setUp -->
        <test-method signature="testSearchNonExistingEquity()[pri:2, instance:Assessment.UI.tests.EquitiesTest@36fc695d]" started-at="2025-02-21T01:32:25 EST" name="testSearchNonExistingEquity" finished-at="2025-02-21T01:32:26 EST" duration-ms="711" status="PASS">
          <reporter-output>
          </reporter-output>
        </test-method> <!-- testSearchNonExistingEquity -->
        <test-method is-config="true" signature="tearDown()[pri:0, instance:Assessment.UI.tests.EquitiesTest@36fc695d]" started-at="2025-02-21T01:32:26 EST" name="tearDown" finished-at="2025-02-21T01:32:26 EST" duration-ms="185" status="PASS">
          <reporter-output>
          </reporter-output>
        </test-method> <!-- tearDown -->
        <test-method is-config="true" signature="setUp()[pri:0, instance:Assessment.UI.tests.EquitiesTest@36fc695d]" started-at="2025-02-21T01:32:26 EST" name="setUp" finished-at="2025-02-21T01:32:29 EST" duration-ms="2503" status="PASS">
          <reporter-output>
          </reporter-output>
        </test-method> <!-- setUp -->
        <test-method signature="testEquitySearchAndDetails()[pri:3, instance:Assessment.UI.tests.EquitiesTest@36fc695d]" started-at="2025-02-21T01:32:29 EST" name="testEquitySearchAndDetails" finished-at="2025-02-21T01:32:31 EST" duration-ms="1819" status="PASS">
          <reporter-output>
          </reporter-output>
        </test-method> <!-- testEquitySearchAndDetails -->
        <test-method is-config="true" signature="tearDown()[pri:0, instance:Assessment.UI.tests.EquitiesTest@36fc695d]" started-at="2025-02-21T01:32:31 EST" name="tearDown" finished-at="2025-02-21T01:32:31 EST" duration-ms="148" status="PASS">
          <reporter-output>
          </reporter-output>
        </test-method> <!-- tearDown -->
      </class> <!-- Assessment.UI.tests.EquitiesTest -->
      <class name="Assessment.UI.tests.NavigationTest">
        <test-method is-config="true" signature="setUp()[pri:0, instance:Assessment.UI.tests.NavigationTest@38d8f54a]" started-at="2025-02-21T01:32:13 EST" name="setUp" finished-at="2025-02-21T01:32:16 EST" duration-ms="3060" status="PASS">
          <reporter-output>
          </reporter-output>
        </test-method> <!-- setUp -->
        <test-method signature="testNavigation()[pri:0, instance:Assessment.UI.tests.NavigationTest@38d8f54a]" started-at="2025-02-21T01:32:16 EST" name="testNavigation" finished-at="2025-02-21T01:32:20 EST" duration-ms="3974" status="PASS">
          <reporter-output>
          </reporter-output>
        </test-method> <!-- testNavigation -->
        <test-method is-config="true" signature="tearDown()[pri:0, instance:Assessment.UI.tests.NavigationTest@38d8f54a]" started-at="2025-02-21T01:32:20 EST" name="tearDown" finished-at="2025-02-21T01:32:20 EST" duration-ms="170" status="PASS">
          <reporter-output>
          </reporter-output>
        </test-method> <!-- tearDown -->
      </class> <!-- Assessment.UI.tests.NavigationTest -->
    </test> <!-- Test -->
  </suite> <!-- Suite -->
</testng-results>
